2024-03-06 20:52:57:5257 [31merror[39m: [31mINSERT INTO `user` (`email`, `first_name`, `last_name`, `image_filename`, `password`) VALUES ('k@gmail.com', 'Kristy', 'Lincoln', 'user_1.jpg', 'password'), ('c.anagonye@stjohns.edu.au', 'Chidi', 'Anagonye', 'user_2.png', 'password'), ('tahani.aljamil@ox.ac.uk', 'Tahani', 'Al-Jamil', 'user_3.gif', 'password'), ('e.shellstrop@hotmail.com', 'Eleanor', 'Shellstrop', 'user_4.jpg', 'password'), ('B@gmail.com', 'Fernando', 'Brown', 'user_5.jpg', 'password'), ('jeh128@mail.nz', 'Jack', 'Chen', 'user_6.jpg', 'password'), ('a@gmail.com', 'Amanda', 'Faria', 'user_7.PNG', 'password'), ('zhe25@mail.nz', 'Henry', 'Krippner', 'user_8.gif', 'password'), ('lfg23@mail.nz', 'Ella', 'Yellow', 'user_9.PNG', 'password'), ('ama541@mail.nz', 'Finn', 'Veale', NULL, 'password'), ('boooooortles@hotmail.com', 'Jason', 'Mendoza', 'user_11.jpg', 'password'), ('mindystclaire@gmail.com', 'Mindy', 'St. Claire', NULL, 'password'), ('s.garnett@stjohns.edu.au', 'Simone', 'Garnett', NULL, 'password'), ('pillboi@ymail.com', 'Steven', 'Peleaz', NULL, 'password'), ('larryhemsworth@gmail.com', 'Larry', 'Hemsworth', NULL, 'password'), ('kamilah.aljamil@ox.ac.uk', 'Kamilah', 'Al-Jamil', NULL, 'password'), ('johnwheaton@gmail.com', 'John', 'Wheaton', NULL, 'password'), ('tane.mahuta@example.com', 'Tane', 'Taumata', NULL, 'password'), ('bobbyjones@example.com', 'Bob', 'Jones', NULL, 'password'), ('m@m.com', 'Morgan', 'English', 'user_20.jpeg', 'password')[39m
2024-03-06 20:52:57:5257 [31merror[39m: [31mDuplicate entry 'k@gmail.com' for key 'unique_key'[39m
2024-03-07 14:01:40:140 [31merror[39m: [31mINSERT INTO `user` (`email`, `first_name`, `last_name`, `image_filename`, `password`) VALUES ('k@gmail.com', 'Kristy', 'Lincoln', 'user_1.jpg', 'password'), ('c.anagonye@stjohns.edu.au', 'Chidi', 'Anagonye', 'user_2.png', 'password'), ('tahani.aljamil@ox.ac.uk', 'Tahani', 'Al-Jamil', 'user_3.gif', 'password'), ('e.shellstrop@hotmail.com', 'Eleanor', 'Shellstrop', 'user_4.jpg', 'password'), ('B@gmail.com', 'Fernando', 'Brown', 'user_5.jpg', 'password'), ('jeh128@mail.nz', 'Jack', 'Chen', 'user_6.jpg', 'password'), ('a@gmail.com', 'Amanda', 'Faria', 'user_7.PNG', 'password'), ('zhe25@mail.nz', 'Henry', 'Krippner', 'user_8.gif', 'password'), ('lfg23@mail.nz', 'Ella', 'Yellow', 'user_9.PNG', 'password'), ('ama541@mail.nz', 'Finn', 'Veale', NULL, 'password'), ('boooooortles@hotmail.com', 'Jason', 'Mendoza', 'user_11.jpg', 'password'), ('mindystclaire@gmail.com', 'Mindy', 'St. Claire', NULL, 'password'), ('s.garnett@stjohns.edu.au', 'Simone', 'Garnett', NULL, 'password'), ('pillboi@ymail.com', 'Steven', 'Peleaz', NULL, 'password'), ('larryhemsworth@gmail.com', 'Larry', 'Hemsworth', NULL, 'password'), ('kamilah.aljamil@ox.ac.uk', 'Kamilah', 'Al-Jamil', NULL, 'password'), ('johnwheaton@gmail.com', 'John', 'Wheaton', NULL, 'password'), ('tane.mahuta@example.com', 'Tane', 'Taumata', NULL, 'password'), ('bobbyjones@example.com', 'Bob', 'Jones', NULL, 'password'), ('m@m.com', 'Morgan', 'English', 'user_20.jpeg', 'password')[39m
2024-03-07 14:01:40:140 [31merror[39m: [31mDuplicate entry 'k@gmail.com' for key 'unique_key'[39m
2024-03-07 14:03:30:330 [31merror[39m: [31mDuplicate entry 'lucassinclair.gmail.com' for key 'unique_key'[39m
2024-03-07 14:03:34:334 [31merror[39m: [31mDuplicate entry 'lucassinclair.gmail.com' for key 'unique_key'[39m
2024-03-07 14:03:53:353 [31merror[39m: [31mDuplicate entry 'k@gmail.com' for key 'unique_key'[39m
2024-03-07 15:12:28:1228 [31merror[39m: [31mconnect ETIMEDOUT[39m
2024-03-07 15:12:57:1257 [31merror[39m: [31mUnable to connect to MySQL.[39m
2024-03-07 15:13:56:1356 [31merror[39m: [31mDuplicate entry 'k@gmail.com' for key 'unique_key'[39m
2024-03-07 15:14:32:1432 [31merror[39m: [31mDuplicate entry 'mike.wheeler@hawkinsmiddle.school.us' for key 'unique_key'[39m
2024-03-07 15:14:37:1437 [31merror[39m: [31mDuplicate entry 'mike.wheeler@hawkinsmiddle.school.us' for key 'unique_key'[39m
2024-03-07 15:15:45:1545 [31merror[39m: [31mDuplicate entry 'mike.wheeler@hawkinsmiddle.school.us' for key 'unique_key'[39m
2024-03-07 15:17:38:1738 [31merror[39m: [31mDuplicate entry 'mike.wheeler@hawkinsmiddle.school.us' for key 'unique_key'[39m
2024-03-07 15:17:38:1738 [31merror[39m: [31m[31mDuplicate entry 'mike.wheeler@hawkinsmiddle.school.us' for key 'unique_key'[31m[39m
2024-03-07 15:17:38:1738 [31merror[39m: [31m[31merror[31m[39m
2024-03-07 15:20:10:2010 [31merror[39m: [31mDuplicate entry 'mike.wheeler@hawkinsmiddle.school.us' for key 'unique_key'[39m
2024-03-07 15:20:14:2014 [31merror[39m: [31mDuplicate entry 'mike.wheeler@hawkinsmiddle.school.us' for key 'unique_key'[39m
2024-03-07 15:21:08:218 [31merror[39m: [31mDuplicate entry 'mike.wheeler@hawkinsmiddle.school.us' for key 'unique_key'[39m
2024-03-07 15:26:42:2642 [31merror[39m: [31mDuplicate entry 'k@gmail.com' for key 'unique_key'[39m
2024-03-07 15:28:16:2816 [31merror[39m: [31mDuplicate entry 'k@gmail.com' for key 'unique_key'[39m
2024-03-07 15:29:19:2919 [31merror[39m: [31mDuplicate entry 'k@gmail.com' for key 'unique_key'[39m
2024-03-07 15:29:25:2925 [31merror[39m: [31mDuplicate entry 'lucassinclair.gmail.com' for key 'unique_key'[39m
2024-03-07 15:36:35:3635 [31merror[39m: [31mDuplicate entry 'k@gmail.com' for key 'unique_key'[39m
2024-03-07 15:36:57:3657 [31merror[39m: [31mDuplicate entry 'mike.wheeler@hawkinsmiddle.school.us' for key 'unique_key'[39m
2024-03-08 13:28:47:2847 [31merror[39m: [31mCannot read properties of undefined (reading 'info')[39m
2024-03-08 13:29:54:2954 [31merror[39m: [31mCannot read properties of undefined (reading 'info')[39m
2024-03-08 13:30:13:3013 [31merror[39m: [31mresult.getAuthTag is not a function[39m
2024-03-08 13:37:37:3737 [31merror[39m: [31mDuplicate entry 'k@gmail.com' for key 'unique_key'[39m
2024-03-08 13:55:48:5548 [31merror[39m: [31mYou have an error in your SQL syntax; check the manual that corresponds to your MariaDB server version for the right syntax to use near '' at line 1[39m
2024-03-08 16:54:01:541 [31merror[39m: [31mUnknown column 'NaN' in 'where clause'[39m
2024-03-08 17:47:18:4718 [31merror[39m: [31mUnknown column 'NaN' in 'where clause'[39m
2024-03-08 17:49:02:492 [31merror[39m: [31mUnknown column 'NaN' in 'where clause'[39m
2024-03-08 17:54:04:544 [31merror[39m: [31mCannot read properties of undefined (reading 'email')[39m
2024-03-08 17:54:16:5416 [31merror[39m: [31mUnknown column 'NaN' in 'where clause'[39m
2024-03-08 17:57:46:5746 [31merror[39m: [31mCannot read properties of undefined (reading 'email')[39m
2024-03-08 17:57:46:5746 [31merror[39m: [31mCannot read properties of undefined (reading 'email')[39m
2024-03-08 17:57:50:5750 [31merror[39m: [31mUnknown column 'NaN' in 'where clause'[39m
2024-03-08 17:57:50:5750 [31merror[39m: [31mUnknown column 'NaN' in 'where clause'[39m
2024-03-12 15:20:30:2030 [31merror[39m: [31mDuplicate entry 'mike.wheeler@hawkinsmiddle.school.us' for key 'unique_key'[39m
2024-03-12 15:20:57:2057 [31merror[39m: [31mDuplicate entry 'k@gmail.com' for key 'unique_key'[39m
2024-03-12 15:22:44:2244 [31merror[39m: [31mUnknown column 'NaN' in 'where clause'[39m
2024-03-12 15:22:53:2253 [31merror[39m: [31mCannot read properties of undefined (reading 'email')[39m
2024-03-12 16:05:03:53 [31merror[39m: [31mUnknown column 'NaN' in 'where clause'[39m
2024-03-12 16:07:10:710 [31merror[39m: [31mUnknown column 'NaN' in 'where clause'[39m
2024-03-12 16:07:40:740 [31merror[39m: [31mUnknown column 'NaN' in 'where clause'[39m
2024-03-13 15:03:08:38 [31merror[39m: [31mUnable to connect to MySQL.[39m
2024-03-13 18:52:51:5251 [31merror[39m: [31mError updating user's profile photo filename: Cannot set headers after they are sent to the client[39m
2024-03-13 19:14:13:1413 [31merror[39m: [31mDuplicate entry 'mike.wheeler@hawkinsmiddle.school.us' for key 'unique_key'[39m
2024-03-13 19:19:57:1957 [31merror[39m: [31mError updating user's profile photo filename: Cannot set headers after they are sent to the client[39m
2024-03-14 12:49:08:498 [31merror[39m: [31mColumn 'petition_id' in where clause is ambiguous[39m
2024-03-16 21:00:30:030 [31merror[39m: [31mUnknown column 'p.description' in 'where clause'[39m
2024-03-16 21:10:58:1058 [31merror[39m: [31mYou have an error in your SQL syntax; check the manual that corresponds to your MariaDB server version for the right syntax to use near 'GROUP BY petition.id order by creation_date' at line 1[39m
2024-03-16 21:12:12:1212 [31merror[39m: [31mYou have an error in your SQL syntax; check the manual that corresponds to your MariaDB server version for the right syntax to use near 'GROUP BY petition.id order by creation_date' at line 1[39m
2024-03-16 21:15:33:1533 [31merror[39m: [31mUnknown column 'catergory_id' in 'where clause'[39m
2024-03-17 10:36:44:3644 [31merror[39m: [31mUnknown column 'title' in 'field list'[39m
2024-03-17 10:37:08:378 [31merror[39m: [31mUnknown column 'title' in 'order clause'[39m
2024-03-17 12:36:02:362 [31merror[39m: [31mFUNCTION sha331_assignment1.GETDATE does not exist[39m
2024-03-17 12:36:57:3657 [31merror[39m: [31mIncorrect datetime value: 'GETDATE()' for column `sha331_assignment1`.`petition`.`creation_date` at row 1[39m
2024-03-17 12:40:20:4020 [31merror[39m: [31mIncorrect datetime value: 'GETDATE()' for column `sha331_assignment1`.`petition`.`creation_date` at row 1[39m
2024-03-17 12:40:52:4052 [31merror[39m: [31mFUNCTION sha331_assignment1.GETDATE does not exist[39m
2024-03-17 12:44:02:442 [31merror[39m: [31mCannot read properties of undefined (reading 'insertId')[39m
2024-03-17 12:48:16:4816 [31merror[39m: [31mCannot read properties of undefined (reading 'insertId')[39m
2024-03-17 12:50:10:5010 [31merror[39m: [31mCannot read properties of undefined (reading 'changedRows')[39m
2024-03-17 15:19:26:1926 [31merror[39m: [31mINSERT INTO `petition` (`id`, `title`, `description`, `creation_date`, `image_filename`, `owner_id`, `category_id`) VALUES (12345, 'example petition', 'example description', '2023-10-18 10:10:00', 'petition_3.jpg', 0, 2);[39m
[31mINSERT INTO `support_tier` (`id`, `petition_id`, `title`, `description`, `cost`) VALUES (12345, 12345, 'Join the newsletter', 'Sign-up to receive the monthly newsletter', 0);[39m
[31mINSERT INTO `supporter` (`petition_id`, `support_tier_id`, `user_id`, `message`, `timestamp`) VALUES (12345, 12345, 1, 'Interesting stuff', '2023-11-07 06:59:58');[39m
[31m[39m
2024-03-17 15:19:26:1926 [31merror[39m: [31mCannot add or update a child row: a foreign key constraint fails (`sha331_assignment1`.`petition`, CONSTRAINT `petition_ibfk_1` FOREIGN KEY (`owner_id`) REFERENCES `user` (`id`))[39m
2024-03-17 17:26:04:264 [31merror[39m: [31mError[39m
[31m    at PromisePool.query (/Users/shyamhari/Desktop/Uni/2024 sem 1/SENG365/sha331/node_modules/mysql2/promise.js:341:22)[39m
[31m    at /Users/shyamhari/Desktop/Uni/2024 sem 1/SENG365/sha331/dist/app/models/backdoor.model.js:50:39[39m
[31m    at Generator.next (<anonymous>)[39m
[31m    at fulfilled (/Users/shyamhari/Desktop/Uni/2024 sem 1/SENG365/sha331/dist/app/models/backdoor.model.js:28:58) {[39m
[31m  code: 'ECONNREFUSED',[39m
[31m  errno: undefined,[39m
[31m  sql: undefined,[39m
[31m  sqlState: undefined,[39m
[31m  sqlMessage: undefined[39m
[31m}[39m
2024-03-17 17:26:08:268 [31merror[39m: [31mError[39m
[31m    at PromisePool.query (/Users/shyamhari/Desktop/Uni/2024 sem 1/SENG365/sha331/node_modules/mysql2/promise.js:341:22)[39m
[31m    at /Users/shyamhari/Desktop/Uni/2024 sem 1/SENG365/sha331/dist/app/models/backdoor.model.js:50:39[39m
[31m    at Generator.next (<anonymous>)[39m
[31m    at fulfilled (/Users/shyamhari/Desktop/Uni/2024 sem 1/SENG365/sha331/dist/app/models/backdoor.model.js:28:58) {[39m
[31m  code: 'ECONNREFUSED',[39m
[31m  errno: undefined,[39m
[31m  sql: undefined,[39m
[31m  sqlState: undefined,[39m
[31m  sqlMessage: undefined[39m
[31m}[39m
2024-03-17 17:29:25:2925 [31merror[39m: [31mDuplicate entry 'k@gmail.com' for key 'unique_key'[39m
2024-03-17 17:31:48:3148 [31merror[39m: [31mDuplicate entry 'k@gmail.com' for key 'unique_key'[39m
2024-03-17 17:33:05:335 [31merror[39m: [31mDuplicate entry 'k@gmail.com' for key 'unique_key'[39m
2024-03-17 17:36:01:361 [31merror[39m: [31mDuplicate entry 'mike.wheeler@hawkinsmiddle.school.us' for key 'unique_key'[39m
2024-03-17 20:03:20:320 [31merror[39m: [31mUnable to connect to MySQL.[39m
2024-03-17 20:08:37:837 [31merror[39m: [31mYou have an error in your SQL syntax; check the manual that corresponds to your MariaDB server version for the right syntax to use near 'where id = 19' at line 1[39m
2024-03-17 20:13:17:1317 [31merror[39m: [31mINSERT INTO `petition` (`id`, `title`, `description`, `creation_date`, `image_filename`, `owner_id`, `category_id`) VALUES (123456, 'example petition 2', 'example description', '2023-10-18 10:10:00', 'petition_3.jpg', 0, 2);[39m
[31mINSERT INTO `support_tier` (`id`, `petition_id`, `title`, `description`, `cost`) VALUES (123456, 123456, 'example tier', 'example tier', 0);[39m
[31mINSERT INTO `support_tier` (`id`, `petition_id`, `title`, `description`, `cost`) VALUES (123457, 123456, 'example tier 2', 'example tier 2', 0);[39m
[31mINSERT INTO `supporter` (`petition_id`, `support_tier_id`, `user_id`, `message`, `timestamp`) VALUES (123456, 123456, 1, 'Interesting stuff', '2023-11-07 06:59:58');[39m
[31m[39m
2024-03-17 20:13:17:1317 [31merror[39m: [31mCannot add or update a child row: a foreign key constraint fails (`sha331_assignment1`.`petition`, CONSTRAINT `petition_ibfk_1` FOREIGN KEY (`owner_id`) REFERENCES `user` (`id`))[39m
2024-03-17 20:14:15:1415 [31merror[39m: [31mINSERT INTO `petition` (`id`, `title`, `description`, `creation_date`, `image_filename`, `owner_id`, `category_id`) VALUES (123456, 'example petition 2', 'example description', '2023-10-18 10:10:00', 'petition_3.jpg', 0, 2);[39m
[31mINSERT INTO `support_tier` (`id`, `petition_id`, `title`, `description`, `cost`) VALUES (123456, 123456, 'example tier', 'example tier', 0);[39m
[31mINSERT INTO `support_tier` (`id`, `petition_id`, `title`, `description`, `cost`) VALUES (123457, 123456, 'example tier 2', 'example tier 2', 0);[39m
[31mINSERT INTO `supporter` (`petition_id`, `support_tier_id`, `user_id`, `message`, `timestamp`) VALUES (123456, 123456, 1, 'Interesting stuff', '2023-11-07 06:59:58');[39m
[31m[39m
2024-03-17 20:14:15:1415 [31merror[39m: [31mCannot add or update a child row: a foreign key constraint fails (`sha331_assignment1`.`petition`, CONSTRAINT `petition_ibfk_1` FOREIGN KEY (`owner_id`) REFERENCES `user` (`id`))[39m
2024-03-17 20:18:27:1827 [31merror[39m: [31mINSERT INTO `petition` (`id`, `title`, `description`, `creation_date`, `image_filename`, `owner_id`, `category_id`) VALUES (123456, 'example petition 2', 'example description', '2023-10-18 10:10:00', 'petition_3.jpg', 0, 2);[39m
[31mINSERT INTO `support_tier` (`id`, `petition_id`, `title`, `description`, `cost`) VALUES (123456, 123456, 'example tier', 'example tier', 0);[39m
[31mINSERT INTO `support_tier` (`id`, `petition_id`, `title`, `description`, `cost`) VALUES (123457, 123456, 'example tier 2', 'example tier 2', 0);[39m
[31mINSERT INTO `supporter` (`petition_id`, `support_tier_id`, `user_id`, `message`, `timestamp`) VALUES (123456, 123456, 1, 'Interesting stuff', '2023-11-07 06:59:58');[39m
[31m[39m
2024-03-17 20:18:27:1827 [31merror[39m: [31mCannot add or update a child row: a foreign key constraint fails (`sha331_assignment1`.`petition`, CONSTRAINT `petition_ibfk_1` FOREIGN KEY (`owner_id`) REFERENCES `user` (`id`))[39m
2024-03-18 17:40:27:4027 [31merror[39m: [31mDuplicate entry '1-21' for key 'support_tier_id'[39m
2024-03-18 17:43:51:4351 [31merror[39m: [31mDuplicate entry '1-21' for key 'support_tier_id'[39m
2024-03-18 17:44:26:4426 [31merror[39m: [31mDuplicate entry '1-21' for key 'support_tier_id'[39m
2024-03-18 17:45:00:450 [31merror[39m: [31mDuplicate entry '1-21' for key 'support_tier_id'[39m
2024-03-18 17:45:57:4557 [31merror[39m: [31mDuplicate entry '1-21' for key 'support_tier_id'[39m
2024-03-20 21:53:53:5353 [31merror[39m: [31mUnable to connect to MySQL.[39m
2024-03-20 22:05:08:58 [31merror[39m: [31mDuplicate entry 'k@gmail.com' for key 'unique_key'[39m
2024-03-21 16:23:55:2355 [31merror[39m: [31mDuplicate entry 'k@gmail.com' for key 'unique_key'[39m
2024-03-21 16:39:24:3924 [31merror[39m: [31mINSERT INTO `user` (`email`, `first_name`, `last_name`, `image_filename`, `password`) VALUES ('k@gmail.com', 'Kristy', 'Lincoln', 'user_1.jpg', '5e884898da28047151d0e56f8dc6292773603d0d6aabbdd62a11ef721d1542d8'), ('c.anagonye@stjohns.edu.au', 'Chidi', 'Anagonye', 'user_2.png', '5e884898da28047151d0e56f8dc6292773603d0d6aabbdd62a11ef721d1542d8'), ('tahani.aljamil@ox.ac.uk', 'Tahani', 'Al-Jamil', 'user_3.gif', '5e884898da28047151d0e56f8dc6292773603d0d6aabbdd62a11ef721d1542d8'), ('e.shellstrop@hotmail.com', 'Eleanor', 'Shellstrop', 'user_4.jpg', '5e884898da28047151d0e56f8dc6292773603d0d6aabbdd62a11ef721d1542d8'), ('B@gmail.com', 'Fernando', 'Brown', 'user_5.jpg', '5e884898da28047151d0e56f8dc6292773603d0d6aabbdd62a11ef721d1542d8'), ('jeh128@mail.nz', 'Jack', 'Chen', 'user_6.jpg', '5e884898da28047151d0e56f8dc6292773603d0d6aabbdd62a11ef721d1542d8'), ('a@gmail.com', 'Amanda', 'Faria', 'user_7.PNG', '5e884898da28047151d0e56f8dc6292773603d0d6aabbdd62a11ef721d1542d8'), ('zhe25@mail.nz', 'Henry', 'Krippner', 'user_8.gif', '5e884898da28047151d0e56f8dc6292773603d0d6aabbdd62a11ef721d1542d8'), ('lfg23@mail.nz', 'Ella', 'Yellow', 'user_9.PNG', '5e884898da28047151d0e56f8dc6292773603d0d6aabbdd62a11ef721d1542d8'), ('ama541@mail.nz', 'Finn', 'Veale', NULL, '5e884898da28047151d0e56f8dc6292773603d0d6aabbdd62a11ef721d1542d8'), ('boooooortles@hotmail.com', 'Jason', 'Mendoza', 'user_11.jpg', '5e884898da28047151d0e56f8dc6292773603d0d6aabbdd62a11ef721d1542d8'), ('mindystclaire@gmail.com', 'Mindy', 'St. Claire', NULL, '5e884898da28047151d0e56f8dc6292773603d0d6aabbdd62a11ef721d1542d8'), ('s.garnett@stjohns.edu.au', 'Simone', 'Garnett', NULL, '5e884898da28047151d0e56f8dc6292773603d0d6aabbdd62a11ef721d1542d8'), ('pillboi@ymail.com', 'Steven', 'Peleaz', NULL, '5e884898da28047151d0e56f8dc6292773603d0d6aabbdd62a11ef721d1542d8'), ('larryhemsworth@gmail.com', 'Larry', 'Hemsworth', NULL, '5e884898da28047151d0e56f8dc6292773603d0d6aabbdd62a11ef721d1542d8'), ('kamilah.aljamil@ox.ac.uk', 'Kamilah', 'Al-Jamil', NULL, '5e884898da28047151d0e56f8dc6292773603d0d6aabbdd62a11ef721d1542d8'), ('johnwheaton@gmail.com', 'John', 'Wheaton', NULL, '5e884898da28047151d0e56f8dc6292773603d0d6aabbdd62a11ef721d1542d8'), ('tane.mahuta@example.com', 'Tane', 'Taumata', NULL, '5e884898da28047151d0e56f8dc6292773603d0d6aabbdd62a11ef721d1542d8'), ('bobbyjones@example.com', 'Bob', 'Jones', NULL, '5e884898da28047151d0e56f8dc6292773603d0d6aabbdd62a11ef721d1542d8'), ('m@m.com', 'Morgan', 'English', 'user_20.jpeg', '5e884898da28047151d0e56f8dc6292773603d0d6aabbdd62a11ef721d1542d8')[39m
2024-03-21 16:39:24:3924 [31merror[39m: [31mDuplicate entry 'k@gmail.com' for key 'unique_key'[39m
2024-03-21 16:44:35:4435 [31merror[39m: [31mDuplicate entry 'k@gmail.com' for key 'unique_key'[39m
2024-03-21 16:49:33:4933 [31merror[39m: [31mDuplicate entry 'k@gmail.com' for key 'unique_key'[39m
2024-03-21 16:52:29:5229 [31merror[39m: [31mDuplicate entry 'k@gmail.com' for key 'unique_key'[39m
2024-03-21 16:53:24:5324 [31merror[39m: [31mDuplicate entry 'k@gmail.com' for key 'unique_key'[39m
2024-03-21 16:54:03:543 [31merror[39m: [31mDuplicate entry 'k@gmail.com' for key 'unique_key'[39m
2024-03-21 16:54:59:5459 [31merror[39m: [31mDuplicate entry 'k@gmail.com' for key 'unique_key'[39m
2024-03-21 17:07:54:754 [31merror[39m: [31mAggregateError[39m
[31m    at internalConnectMultiple (node:net:1114:18)[39m
[31m    at afterConnectMultiple (node:net:1667:5) {[39m
[31m  code: 'ECONNREFUSED',[39m
[31m  fatal: true,[39m
[31m  [errors]: [[39m
[31m    Error: connect ECONNREFUSED ::1:3306[39m
[31m        at createConnectionError (node:net:1634:14)[39m
[31m        at afterConnectMultiple (node:net:1664:40) {[39m
[31m      errno: -61,[39m
[31m      code: 'ECONNREFUSED',[39m
[31m      syscall: 'connect',[39m
[31m      address: '::1',[39m
[31m      port: 3306[39m
[31m    },[39m
[31m    Error: connect ECONNREFUSED 127.0.0.1:3306[39m
[31m        at createConnectionError (node:net:1634:14)[39m
[31m        at afterConnectMultiple (node:net:1664:40) {[39m
[31m      errno: -61,[39m
[31m      code: 'ECONNREFUSED',[39m
[31m      syscall: 'connect',[39m
[31m      address: '127.0.0.1',[39m
[31m      port: 3306[39m
[31m    }[39m
[31m  ][39m
[31m}[39m
2024-03-21 17:07:54:754 [31merror[39m: [31mAggregateError[39m
[31m    at internalConnectMultiple (node:net:1114:18)[39m
[31m    at afterConnectMultiple (node:net:1667:5) {[39m
[31m  code: 'ECONNREFUSED',[39m
[31m  fatal: true,[39m
[31m  [errors]: [[39m
[31m    Error: connect ECONNREFUSED ::1:3306[39m
[31m        at createConnectionError (node:net:1634:14)[39m
[31m        at afterConnectMultiple (node:net:1664:40) {[39m
[31m      errno: -61,[39m
[31m      code: 'ECONNREFUSED',[39m
[31m      syscall: 'connect',[39m
[31m      address: '::1',[39m
[31m      port: 3306[39m
[31m    },[39m
[31m    Error: connect ECONNREFUSED 127.0.0.1:3306[39m
[31m        at createConnectionError (node:net:1634:14)[39m
[31m        at afterConnectMultiple (node:net:1664:40) {[39m
[31m      errno: -61,[39m
[31m      code: 'ECONNREFUSED',[39m
[31m      syscall: 'connect',[39m
[31m      address: '127.0.0.1',[39m
[31m      port: 3306[39m
[31m    }[39m
[31m  ][39m
[31m}[39m
2024-03-21 17:07:55:755 [31merror[39m: [31mAggregateError[39m
[31m    at internalConnectMultiple (node:net:1114:18)[39m
[31m    at afterConnectMultiple (node:net:1667:5) {[39m
[31m  code: 'ECONNREFUSED',[39m
[31m  fatal: true,[39m
[31m  [errors]: [[39m
[31m    Error: connect ECONNREFUSED ::1:3306[39m
[31m        at createConnectionError (node:net:1634:14)[39m
[31m        at afterConnectMultiple (node:net:1664:40) {[39m
[31m      errno: -61,[39m
[31m      code: 'ECONNREFUSED',[39m
[31m      syscall: 'connect',[39m
[31m      address: '::1',[39m
[31m      port: 3306[39m
[31m    },[39m
[31m    Error: connect ECONNREFUSED 127.0.0.1:3306[39m
[31m        at createConnectionError (node:net:1634:14)[39m
[31m        at afterConnectMultiple (node:net:1664:40) {[39m
[31m      errno: -61,[39m
[31m      code: 'ECONNREFUSED',[39m
[31m      syscall: 'connect',[39m
[31m      address: '127.0.0.1',[39m
[31m      port: 3306[39m
[31m    }[39m
[31m  ][39m
[31m}[39m
2024-03-21 17:07:55:755 [31merror[39m: [31mAggregateError[39m
[31m    at internalConnectMultiple (node:net:1114:18)[39m
[31m    at afterConnectMultiple (node:net:1667:5) {[39m
[31m  code: 'ECONNREFUSED',[39m
[31m  fatal: true,[39m
[31m  [errors]: [[39m
[31m    Error: connect ECONNREFUSED ::1:3306[39m
[31m        at createConnectionError (node:net:1634:14)[39m
[31m        at afterConnectMultiple (node:net:1664:40) {[39m
[31m      errno: -61,[39m
[31m      code: 'ECONNREFUSED',[39m
[31m      syscall: 'connect',[39m
[31m      address: '::1',[39m
[31m      port: 3306[39m
[31m    },[39m
[31m    Error: connect ECONNREFUSED 127.0.0.1:3306[39m
[31m        at createConnectionError (node:net:1634:14)[39m
[31m        at afterConnectMultiple (node:net:1664:40) {[39m
[31m      errno: -61,[39m
[31m      code: 'ECONNREFUSED',[39m
[31m      syscall: 'connect',[39m
[31m      address: '127.0.0.1',[39m
[31m      port: 3306[39m
[31m    }[39m
[31m  ][39m
[31m}[39m
2024-03-21 17:07:55:755 [31merror[39m: [31mAggregateError[39m
[31m    at internalConnectMultiple (node:net:1114:18)[39m
[31m    at afterConnectMultiple (node:net:1667:5) {[39m
[31m  code: 'ECONNREFUSED',[39m
[31m  fatal: true,[39m
[31m  [errors]: [[39m
[31m    Error: connect ECONNREFUSED ::1:3306[39m
[31m        at createConnectionError (node:net:1634:14)[39m
[31m        at afterConnectMultiple (node:net:1664:40) {[39m
[31m      errno: -61,[39m
[31m      code: 'ECONNREFUSED',[39m
[31m      syscall: 'connect',[39m
[31m      address: '::1',[39m
[31m      port: 3306[39m
[31m    },[39m
[31m    Error: connect ECONNREFUSED 127.0.0.1:3306[39m
[31m        at createConnectionError (node:net:1634:14)[39m
[31m        at afterConnectMultiple (node:net:1664:40) {[39m
[31m      errno: -61,[39m
[31m      code: 'ECONNREFUSED',[39m
[31m      syscall: 'connect',[39m
[31m      address: '127.0.0.1',[39m
[31m      port: 3306[39m
[31m    }[39m
[31m  ][39m
[31m}[39m
2024-03-21 17:07:55:755 [31merror[39m: [31mAggregateError[39m
[31m    at internalConnectMultiple (node:net:1114:18)[39m
[31m    at afterConnectMultiple (node:net:1667:5) {[39m
[31m  code: 'ECONNREFUSED',[39m
[31m  fatal: true,[39m
[31m  [errors]: [[39m
[31m    Error: connect ECONNREFUSED ::1:3306[39m
[31m        at createConnectionError (node:net:1634:14)[39m
[31m        at afterConnectMultiple (node:net:1664:40) {[39m
[31m      errno: -61,[39m
[31m      code: 'ECONNREFUSED',[39m
[31m      syscall: 'connect',[39m
[31m      address: '::1',[39m
[31m      port: 3306[39m
[31m    },[39m
[31m    Error: connect ECONNREFUSED 127.0.0.1:3306[39m
[31m        at createConnectionError (node:net:1634:14)[39m
[31m        at afterConnectMultiple (node:net:1664:40) {[39m
[31m      errno: -61,[39m
[31m      code: 'ECONNREFUSED',[39m
[31m      syscall: 'connect',[39m
[31m      address: '127.0.0.1',[39m
[31m      port: 3306[39m
[31m    }[39m
[31m  ][39m
[31m}[39m
2024-03-21 17:07:55:755 [31merror[39m: [31mAggregateError[39m
[31m    at internalConnectMultiple (node:net:1114:18)[39m
[31m    at afterConnectMultiple (node:net:1667:5) {[39m
[31m  code: 'ECONNREFUSED',[39m
[31m  fatal: true,[39m
[31m  [errors]: [[39m
[31m    Error: connect ECONNREFUSED ::1:3306[39m
[31m        at createConnectionError (node:net:1634:14)[39m
[31m        at afterConnectMultiple (node:net:1664:40) {[39m
[31m      errno: -61,[39m
[31m      code: 'ECONNREFUSED',[39m
[31m      syscall: 'connect',[39m
[31m      address: '::1',[39m
[31m      port: 3306[39m
[31m    },[39m
[31m    Error: connect ECONNREFUSED 127.0.0.1:3306[39m
[31m        at createConnectionError (node:net:1634:14)[39m
[31m        at afterConnectMultiple (node:net:1664:40) {[39m
[31m      errno: -61,[39m
[31m      code: 'ECONNREFUSED',[39m
[31m      syscall: 'connect',[39m
[31m      address: '127.0.0.1',[39m
[31m      port: 3306[39m
[31m    }[39m
[31m  ][39m
[31m}[39m
2024-03-21 17:07:55:755 [31merror[39m: [31mAggregateError[39m
[31m    at internalConnectMultiple (node:net:1114:18)[39m
[31m    at afterConnectMultiple (node:net:1667:5) {[39m
[31m  code: 'ECONNREFUSED',[39m
[31m  fatal: true,[39m
[31m  [errors]: [[39m
[31m    Error: connect ECONNREFUSED ::1:3306[39m
[31m        at createConnectionError (node:net:1634:14)[39m
[31m        at afterConnectMultiple (node:net:1664:40) {[39m
[31m      errno: -61,[39m
[31m      code: 'ECONNREFUSED',[39m
[31m      syscall: 'connect',[39m
[31m      address: '::1',[39m
[31m      port: 3306[39m
[31m    },[39m
[31m    Error: connect ECONNREFUSED 127.0.0.1:3306[39m
[31m        at createConnectionError (node:net:1634:14)[39m
[31m        at afterConnectMultiple (node:net:1664:40) {[39m
[31m      errno: -61,[39m
[31m      code: 'ECONNREFUSED',[39m
[31m      syscall: 'connect',[39m
[31m      address: '127.0.0.1',[39m
[31m      port: 3306[39m
[31m    }[39m
[31m  ][39m
[31m}[39m
2024-03-21 17:07:55:755 [31merror[39m: [31mAggregateError[39m
[31m    at internalConnectMultiple (node:net:1114:18)[39m
[31m    at afterConnectMultiple (node:net:1667:5) {[39m
[31m  code: 'ECONNREFUSED',[39m
[31m  fatal: true,[39m
[31m  [errors]: [[39m
[31m    Error: connect ECONNREFUSED ::1:3306[39m
[31m        at createConnectionError (node:net:1634:14)[39m
[31m        at afterConnectMultiple (node:net:1664:40) {[39m
[31m      errno: -61,[39m
[31m      code: 'ECONNREFUSED',[39m
[31m      syscall: 'connect',[39m
[31m      address: '::1',[39m
[31m      port: 3306[39m
[31m    },[39m
[31m    Error: connect ECONNREFUSED 127.0.0.1:3306[39m
[31m        at createConnectionError (node:net:1634:14)[39m
[31m        at afterConnectMultiple (node:net:1664:40) {[39m
[31m      errno: -61,[39m
[31m      code: 'ECONNREFUSED',[39m
[31m      syscall: 'connect',[39m
[31m      address: '127.0.0.1',[39m
[31m      port: 3306[39m
[31m    }[39m
[31m  ][39m
[31m}[39m
2024-03-21 17:07:55:755 [31merror[39m: [31mAggregateError[39m
[31m    at internalConnectMultiple (node:net:1114:18)[39m
[31m    at afterConnectMultiple (node:net:1667:5) {[39m
[31m  code: 'ECONNREFUSED',[39m
[31m  fatal: true,[39m
[31m  [errors]: [[39m
[31m    Error: connect ECONNREFUSED ::1:3306[39m
[31m        at createConnectionError (node:net:1634:14)[39m
[31m        at afterConnectMultiple (node:net:1664:40) {[39m
[31m      errno: -61,[39m
[31m      code: 'ECONNREFUSED',[39m
[31m      syscall: 'connect',[39m
[31m      address: '::1',[39m
[31m      port: 3306[39m
[31m    },[39m
[31m    Error: connect ECONNREFUSED 127.0.0.1:3306[39m
[31m        at createConnectionError (node:net:1634:14)[39m
[31m        at afterConnectMultiple (node:net:1664:40) {[39m
[31m      errno: -61,[39m
[31m      code: 'ECONNREFUSED',[39m
[31m      syscall: 'connect',[39m
[31m      address: '127.0.0.1',[39m
[31m      port: 3306[39m
[31m    }[39m
[31m  ][39m
[31m}[39m
2024-03-21 17:07:55:755 [31merror[39m: [31mAggregateError[39m
[31m    at internalConnectMultiple (node:net:1114:18)[39m
[31m    at afterConnectMultiple (node:net:1667:5) {[39m
[31m  code: 'ECONNREFUSED',[39m
[31m  fatal: true,[39m
[31m  [errors]: [[39m
[31m    Error: connect ECONNREFUSED ::1:3306[39m
[31m        at createConnectionError (node:net:1634:14)[39m
[31m        at afterConnectMultiple (node:net:1664:40) {[39m
[31m      errno: -61,[39m
[31m      code: 'ECONNREFUSED',[39m
[31m      syscall: 'connect',[39m
[31m      address: '::1',[39m
[31m      port: 3306[39m
[31m    },[39m
[31m    Error: connect ECONNREFUSED 127.0.0.1:3306[39m
[31m        at createConnectionError (node:net:1634:14)[39m
[31m        at afterConnectMultiple (node:net:1664:40) {[39m
[31m      errno: -61,[39m
[31m      code: 'ECONNREFUSED',[39m
[31m      syscall: 'connect',[39m
[31m      address: '127.0.0.1',[39m
[31m      port: 3306[39m
[31m    }[39m
[31m  ][39m
[31m}[39m
2024-03-21 17:07:55:755 [31merror[39m: [31m[31merror[31m[39m
2024-03-21 17:07:55:755 [31merror[39m: [31mError[39m
[31m    at PromisePool.query (/Users/shyamhari/Desktop/Uni/2024 sem 1/SENG365/sha331/node_modules/mysql2/promise.js:341:22)[39m
[31m    at /Users/shyamhari/Desktop/Uni/2024 sem 1/SENG365/sha331/dist/app/models/backdoor.model.js:103:50[39m
[31m    at Generator.next (<anonymous>)[39m
[31m    at /Users/shyamhari/Desktop/Uni/2024 sem 1/SENG365/sha331/dist/app/models/backdoor.model.js:31:71[39m
[31m    at new Promise (<anonymous>)[39m
[31m    at __awaiter (/Users/shyamhari/Desktop/Uni/2024 sem 1/SENG365/sha331/dist/app/models/backdoor.model.js:27:12)[39m
[31m    at Object.executeSql (/Users/shyamhari/Desktop/Uni/2024 sem 1/SENG365/sha331/dist/app/models/backdoor.model.js:101:29)[39m
[31m    at /Users/shyamhari/Desktop/Uni/2024 sem 1/SENG365/sha331/dist/app/controllers/backdoor.controller.js:84:40[39m
[31m    at Generator.next (<anonymous>)[39m
[31m    at /Users/shyamhari/Desktop/Uni/2024 sem 1/SENG365/sha331/dist/app/controllers/backdoor.controller.js:31:71 {[39m
[31m  code: 'ECONNREFUSED',[39m
[31m  errno: undefined,[39m
[31m  sql: undefined,[39m
[31m  sqlState: undefined,[39m
[31m  sqlMessage: undefined[39m
[31m}[39m
2024-03-21 17:07:55:755 [31merror[39m: [31mAggregateError[39m
[31m    at internalConnectMultiple (node:net:1114:18)[39m
[31m    at afterConnectMultiple (node:net:1667:5) {[39m
[31m  code: 'ECONNREFUSED',[39m
[31m  fatal: true,[39m
[31m  [errors]: [[39m
[31m    Error: connect ECONNREFUSED ::1:3306[39m
[31m        at createConnectionError (node:net:1634:14)[39m
[31m        at afterConnectMultiple (node:net:1664:40) {[39m
[31m      errno: -61,[39m
[31m      code: 'ECONNREFUSED',[39m
[31m      syscall: 'connect',[39m
[31m      address: '::1',[39m
[31m      port: 3306[39m
[31m    },[39m
[31m    Error: connect ECONNREFUSED 127.0.0.1:3306[39m
[31m        at createConnectionError (node:net:1634:14)[39m
[31m        at afterConnectMultiple (node:net:1664:40) {[39m
[31m      errno: -61,[39m
[31m      code: 'ECONNREFUSED',[39m
[31m      syscall: 'connect',[39m
[31m      address: '127.0.0.1',[39m
[31m      port: 3306[39m
[31m    }[39m
[31m  ][39m
[31m}[39m
2024-03-21 17:07:55:755 [31merror[39m: [31mAggregateError[39m
[31m    at internalConnectMultiple (node:net:1114:18)[39m
[31m    at afterConnectMultiple (node:net:1667:5) {[39m
[31m  code: 'ECONNREFUSED',[39m
[31m  fatal: true,[39m
[31m  [errors]: [[39m
[31m    Error: connect ECONNREFUSED ::1:3306[39m
[31m        at createConnectionError (node:net:1634:14)[39m
[31m        at afterConnectMultiple (node:net:1664:40) {[39m
[31m      errno: -61,[39m
[31m      code: 'ECONNREFUSED',[39m
[31m      syscall: 'connect',[39m
[31m      address: '::1',[39m
[31m      port: 3306[39m
[31m    },[39m
[31m    Error: connect ECONNREFUSED 127.0.0.1:3306[39m
[31m        at createConnectionError (node:net:1634:14)[39m
[31m        at afterConnectMultiple (node:net:1664:40) {[39m
[31m      errno: -61,[39m
[31m      code: 'ECONNREFUSED',[39m
[31m      syscall: 'connect',[39m
[31m      address: '127.0.0.1',[39m
[31m      port: 3306[39m
[31m    }[39m
[31m  ][39m
[31m}[39m
2024-03-21 17:07:55:755 [31merror[39m: [31mAggregateError[39m
[31m    at internalConnectMultiple (node:net:1114:18)[39m
[31m    at afterConnectMultiple (node:net:1667:5) {[39m
[31m  code: 'ECONNREFUSED',[39m
[31m  fatal: true,[39m
[31m  [errors]: [[39m
[31m    Error: connect ECONNREFUSED ::1:3306[39m
[31m        at createConnectionError (node:net:1634:14)[39m
[31m        at afterConnectMultiple (node:net:1664:40) {[39m
[31m      errno: -61,[39m
[31m      code: 'ECONNREFUSED',[39m
[31m      syscall: 'connect',[39m
[31m      address: '::1',[39m
[31m      port: 3306[39m
[31m    },[39m
[31m    Error: connect ECONNREFUSED 127.0.0.1:3306[39m
[31m        at createConnectionError (node:net:1634:14)[39m
[31m        at afterConnectMultiple (node:net:1664:40) {[39m
[31m      errno: -61,[39m
[31m      code: 'ECONNREFUSED',[39m
[31m      syscall: 'connect',[39m
[31m      address: '127.0.0.1',[39m
[31m      port: 3306[39m
[31m    }[39m
[31m  ][39m
[31m}[39m
2024-03-21 17:07:55:755 [31merror[39m: [31mAggregateError[39m
[31m    at internalConnectMultiple (node:net:1114:18)[39m
[31m    at afterConnectMultiple (node:net:1667:5) {[39m
[31m  code: 'ECONNREFUSED',[39m
[31m  fatal: true,[39m
[31m  [errors]: [[39m
[31m    Error: connect ECONNREFUSED ::1:3306[39m
[31m        at createConnectionError (node:net:1634:14)[39m
[31m        at afterConnectMultiple (node:net:1664:40) {[39m
[31m      errno: -61,[39m
[31m      code: 'ECONNREFUSED',[39m
[31m      syscall: 'connect',[39m
[31m      address: '::1',[39m
[31m      port: 3306[39m
[31m    },[39m
[31m    Error: connect ECONNREFUSED 127.0.0.1:3306[39m
[31m        at createConnectionError (node:net:1634:14)[39m
[31m        at afterConnectMultiple (node:net:1664:40) {[39m
[31m      errno: -61,[39m
[31m      code: 'ECONNREFUSED',[39m
[31m      syscall: 'connect',[39m
[31m      address: '127.0.0.1',[39m
[31m      port: 3306[39m
[31m    }[39m
[31m  ][39m
[31m}[39m
2024-03-21 17:16:20:1620 [31merror[39m: [31mDuplicate entry 'k@gmail.com' for key 'unique_key'[39m
2024-03-21 17:34:11:3411 [31merror[39m: [31mError[39m
[31m    at PromisePool.query (/Users/shyamhari/Desktop/Uni/2024 sem 1/SENG365/sha331/node_modules/mysql2/promise.js:341:22)[39m
[31m    at /Users/shyamhari/Desktop/Uni/2024 sem 1/SENG365/sha331/dist/app/models/backdoor.model.js:50:39[39m
[31m    at Generator.next (<anonymous>)[39m
[31m    at fulfilled (/Users/shyamhari/Desktop/Uni/2024 sem 1/SENG365/sha331/dist/app/models/backdoor.model.js:28:58) {[39m
[31m  code: 'ECONNREFUSED',[39m
[31m  errno: undefined,[39m
[31m  sql: undefined,[39m
[31m  sqlState: undefined,[39m
[31m  sqlMessage: undefined[39m
[31m}[39m
2024-03-21 17:35:04:354 [31merror[39m: [31mDuplicate entry 'k@gmail.com' for key 'unique_key'[39m
2024-03-21 17:35:49:3549 [31merror[39m: [31mINSERT INTO `petition` (`id`, `title`, `description`, `creation_date`, `image_filename`, `owner_id`, `category_id`) VALUES (12345, 'example petition', 'example description', '2023-10-18 10:10:00', 'petition_3.jpg', 21, 2);[39m
[31mINSERT INTO `support_tier` (`id`, `petition_id`, `title`, `description`, `cost`) VALUES (12345, 12345, 'Join the newsletter', 'Sign-up to receive the monthly newsletter', 0);[39m
[31mINSERT INTO `supporter` (`petition_id`, `support_tier_id`, `user_id`, `message`, `timestamp`) VALUES (12345, 12345, 1, 'Interesting stuff', '2023-11-07 06:59:58');[39m
[31m[39m
2024-03-21 17:35:49:3549 [31merror[39m: [31mDuplicate entry '12345' for key 'PRIMARY'[39m
2024-03-21 17:36:25:3625 [31merror[39m: [31mDuplicate entry 'k@gmail.com' for key 'unique_key'[39m
2024-03-22 11:42:39:4239 [31merror[39m: [31mDuplicate entry 'k@gmail.com' for key 'unique_key'[39m
2024-05-09 11:17:54:1754 [31merror[39m: [31mUnable to connect to MySQL.[39m
